<?xml version="1.0" encoding="UTF-8"?>
<!-- Generated by org.testng.reporters.JUnitXMLReporter -->
<testsuite ignored="0" hostname="JunePC" failures="0" tests="41" name="Test" time="114.981" errors="0" timestamp="2024-05-17T02:19:53 PDT">
  <testcase classname="autodeskproj.InvokeBrowserTest" name="checkCalculatorScreen" time="0.066"/>
  <testcase classname="autodeskproj.VerifyCalculatorKeys" name="verifyAllDigitsAndOPLCD" time="1.324"/>
  <testcase classname="autodeskproj.VerifyCalculatorKeys" name="verifyCEOnClickingAC" time="0.607"/>
  <testcase classname="autodeskproj.VerifyCalculatorKeys" name="verifyDefaultACModeOnLCD" time="0.038"/>
  <testcase classname="autodeskproj.VerifyOperations" name="addTwoNumbers" time="0.385"/>
  <testcase classname="autodeskproj.VerifyOperations" name="addZeroToZero" time="0.208"/>
  <testcase classname="autodeskproj.VerifyOperations" name="divByZero" time="0.322"/>
  <testcase classname="autodeskproj.VerifyOperations" name="divZeroToZero" time="0.244"/>
  <testcase classname="autodeskproj.VerifyOperations" name="divideTwoNumbers" time="0.222"/>
  <testcase classname="autodeskproj.VerifyOperations" name="mulZeroToZero" time="0.29"/>
  <testcase classname="autodeskproj.VerifyOperations" name="multiplyTwoNumbers" time="0.3"/>
  <testcase classname="autodeskproj.VerifyOperations" name="negAdd" time="0.482"/>
  <testcase classname="autodeskproj.VerifyOperations" name="negDiv" time="0.432"/>
  <testcase classname="autodeskproj.VerifyOperations" name="negMul" time="0.49"/>
  <testcase classname="autodeskproj.VerifyOperations" name="negSub" time="0.424"/>
  <testcase classname="autodeskproj.VerifyOperations" name="subZeroToZero" time="0.319"/>
  <testcase classname="autodeskproj.VerifyOperations" name="subtractTwoNumbers" time="0.353"/>
  <testcase classname="autodeskproj.VerifyDecimalFunctionalty" name="decEquals" time="0.234"/>
  <testcase classname="autodeskproj.VerifyDecimalFunctionalty" name="testAdditionOfSmallDecimalsEdgeCase" time="0.788"/>
  <testcase classname="autodeskproj.VerifyDecimalFunctionalty" name="testMixedOperationsWithDecimals" time="0.761"/>
  <testcase classname="autodeskproj.VerifyDecimalFunctionalty" name="testRoundingBehavior" time="0.331"/>
  <testcase classname="autodeskproj.VerifyDecimalFunctionalty" name="testSmallDecimalsExp" time="0.837"/>
  <testcase classname="autodeskproj.VerifyDecimalFunctionalty" name="testSubtractionToNegativeDecimalEdgeCase" time="0.474"/>
  <testcase classname="autodeskproj.VerifyDecimalFunctionalty" name="verifyDecimalNumber" time="0.514"/>
  <testcase classname="autodeskproj.VerifyDecimalFunctionalty" name="zeroAsDecimal" time="0.306"/>
  <testcase classname="autodeskproj.VerifyLargeInputs" name="maximumLength" time="1.053"/>
  <testcase classname="autodeskproj.VerifyLargeInputs" name="maximumLengthAfterDecimal" time="1.188"/>
  <testcase classname="autodeskproj.VerifyLargeInputs" name="minimumNegLength" time="1.362"/>
  <testcase classname="autodeskproj.VerifyLargeInputs" name="verifyLargeOperation" time="1.161"/>
  <testcase classname="autodeskproj.VerifyAC_CEFunctionality" name="testACAns" time="0.435"/>
  <testcase classname="autodeskproj.VerifyAC_CEFunctionality" name="testACButton" time="0.411"/>
  <testcase classname="autodeskproj.VerifyAC_CEFunctionality" name="testCEButton" time="0.729"/>
  <testcase classname="autodeskproj.VerifyAC_CEFunctionality" name="testCEButtonDuringOperation" time="1.321"/>
  <testcase classname="autodeskproj.VerifyAC_CEFunctionality" name="verifyCEForSingleDigit" time="0.636"/>
  <testcase classname="autodeskproj.VerifyAC_CEFunctionality" name="verifyCEToACForEquals" time="1.279"/>
  <testcase classname="autodeskproj.VerifyOperationsWithConsequtiveOperators" name="addAndAdd" time="0.383"/>
  <testcase classname="autodeskproj.VerifyOperationsWithConsequtiveOperators" name="addAndMul" time="0.35"/>
  <testcase classname="autodeskproj.VerifyOperationsWithConsequtiveOperators" name="divideFollowedByOperator" time="0.332"/>
  <testcase classname="autodeskproj.VerifyOperationsWithConsequtiveOperators" name="mulAndSub" time="0.389"/>
  <testcase classname="autodeskproj.VerifyOperationsWithConsequtiveOperators" name="subAndAdd" time="0.413"/>
  <testcase classname="autodeskproj.VerifyOperationsWithConsequtiveOperators" name="subAndSub" time="0.298"/>
</testsuite> <!-- Test -->
