<?xml version="1.0" encoding="UTF-8"?>
<!-- Generated by org.testng.reporters.JUnitXMLReporter -->
<testsuite ignored="0" hostname="JunePC" failures="0" tests="8" name="Default test" time="23.406" errors="0" timestamp="2024-05-17T02:17:44 PDT">
  <testcase classname="autodeskproj.VerifyDecimalFunctionalty" name="decEquals" time="0.231"/>
  <testcase classname="autodeskproj.VerifyDecimalFunctionalty" name="testAdditionOfSmallDecimalsEdgeCase" time="0.652"/>
  <testcase classname="autodeskproj.VerifyDecimalFunctionalty" name="testMixedOperationsWithDecimals" time="0.7"/>
  <testcase classname="autodeskproj.VerifyDecimalFunctionalty" name="testRoundingBehavior" time="0.313"/>
  <testcase classname="autodeskproj.VerifyDecimalFunctionalty" name="testSmallDecimalsExp" time="0.847"/>
  <testcase classname="autodeskproj.VerifyDecimalFunctionalty" name="testSubtractionToNegativeDecimalEdgeCase" time="0.375"/>
  <testcase classname="autodeskproj.VerifyDecimalFunctionalty" name="verifyDecimalNumber" time="0.471"/>
  <testcase classname="autodeskproj.VerifyDecimalFunctionalty" name="zeroAsDecimal" time="0.197"/>
</testsuite> <!-- Default test -->
